{"contracts/DragoGame.sol":{"l":{"48":27,"49":26,"54":30,"55":29,"57":28,"60":28,"62":28,"65":28,"66":28,"67":28,"68":28,"69":28,"70":28,"71":28,"77":28,"78":28,"80":28,"81":28,"86":26,"87":25,"88":24,"89":23,"91":21,"92":21,"93":21,"94":12,"97":21,"102":26,"103":26,"105":23,"107":23,"108":23,"110":23,"111":21,"112":21,"113":21,"116":23,"118":23,"122":7,"123":7,"124":6,"126":4,"127":4,"128":4,"130":4,"132":4,"134":4,"135":4,"139":3,"141":2,"143":2,"145":2,"146":2,"150":2,"151":2,"153":1,"154":1,"156":1,"166":5,"177":2,"182":1,"187":1},"path":"/home/digislinger/DevArea/PrivateDev/Drago-Scroller-React/drago-contract/contracts/DragoGame.sol","s":{"1":27,"2":30,"3":29,"4":28,"5":28,"6":28,"7":28,"8":26,"9":25,"10":24,"11":23,"12":21,"13":12,"14":21,"15":26,"16":26,"17":3,"18":23,"19":23,"20":21,"21":23,"22":23,"23":7,"24":7,"25":1,"26":6,"27":2,"28":4,"29":4,"30":4,"31":4,"32":3,"33":1,"34":2,"35":2,"36":2,"37":1,"38":1,"39":1,"40":0,"41":1,"42":5,"43":2,"44":1},"b":{"1":[1,26],"2":[30,0],"3":[29,1],"4":[1,28],"5":[28,0],"6":[26,0],"7":[1,25],"8":[1,24],"9":[1,23],"10":[2,21],"11":[12,9],"12":[26,1],"13":[26,0],"14":[0,26],"15":[3,23],"16":[21,2],"17":[7,0],"18":[0,7],"19":[1,6],"20":[2,4],"21":[3,1],"22":[1,2],"23":[2,1],"24":[1,1],"25":[0,1]},"f":{"1":32,"2":27,"3":30,"4":26,"5":26,"6":7,"7":3,"8":2,"9":5,"10":2,"11":1},"fnMap":{"1":{"name":"constructor","line":44,"loc":{"start":{"line":44,"column":4},"end":{"line":44,"column":39}}},"2":{"name":"onlyRegistered","line":47,"loc":{"start":{"line":47,"column":4},"end":{"line":50,"column":4}}},"3":{"name":"startGame","line":53,"loc":{"start":{"line":53,"column":4},"end":{"line":82,"column":4}}},"4":{"name":"joinGame","line":85,"loc":{"start":{"line":85,"column":4},"end":{"line":98,"column":4}}},"5":{"name":"submitScore","line":101,"loc":{"start":{"line":101,"column":0},"end":{"line":119,"column":0}}},"6":{"name":"endEventAndClaimPrize","line":121,"loc":{"start":{"line":121,"column":4},"end":{"line":136,"column":4}}},"7":{"name":"adminCloseEvent","line":138,"loc":{"start":{"line":138,"column":4},"end":{"line":147,"column":4}}},"8":{"name":"withdrawFees","line":149,"loc":{"start":{"line":149,"column":4},"end":{"line":157,"column":4}}},"9":{"name":"getCurrentEventDetails","line":159,"loc":{"start":{"line":159,"column":4},"end":{"line":173,"column":4}}},"10":{"name":"getRegisteredPlayers","line":176,"loc":{"start":{"line":176,"column":4},"end":{"line":178,"column":4}}},"11":{"name":null,"line":186,"loc":{"start":{"line":186,"column":4},"end":{"line":188,"column":4}}}},"statementMap":{"1":{"start":{"line":48,"column":8},"end":{"line":48,"column":79}},"2":{"start":{"line":54,"column":8},"end":{"line":54,"column":58}},"3":{"start":{"line":55,"column":8},"end":{"line":55,"column":57}},"4":{"start":{"line":70,"column":8},"end":{"line":70,"column":2997}},"5":{"start":{"line":71,"column":12},"end":{"line":71,"column":45}},"6":{"start":{"line":80,"column":8},"end":{"line":80,"column":48}},"7":{"start":{"line":81,"column":8},"end":{"line":81,"column":37}},"8":{"start":{"line":86,"column":8},"end":{"line":86,"column":49}},"9":{"start":{"line":87,"column":8},"end":{"line":87,"column":57}},"10":{"start":{"line":88,"column":8},"end":{"line":88,"column":70}},"11":{"start":{"line":89,"column":8},"end":{"line":89,"column":94}},"12":{"start":{"line":93,"column":8},"end":{"line":93,"column":4251}},"13":{"start":{"line":94,"column":12},"end":{"line":94,"column":45}},"14":{"start":{"line":97,"column":8},"end":{"line":97,"column":37}},"15":{"start":{"line":102,"column":4},"end":{"line":102,"column":45}},"16":{"start":{"line":103,"column":4},"end":{"line":103,"column":145}},"17":{"start":{"line":103,"column":96},"end":{"line":103,"column":144}},"18":{"start":{"line":105,"column":4},"end":{"line":105,"column":60}},"19":{"start":{"line":110,"column":4},"end":{"line":110,"column":5001}},"20":{"start":{"line":113,"column":8},"end":{"line":113,"column":44}},"21":{"start":{"line":116,"column":4},"end":{"line":116,"column":60}},"22":{"start":{"line":118,"column":4},"end":{"line":118,"column":42}},"23":{"start":{"line":122,"column":8},"end":{"line":122,"column":49}},"24":{"start":{"line":123,"column":8},"end":{"line":123,"column":167}},"25":{"start":{"line":123,"column":135},"end":{"line":123,"column":166}},"26":{"start":{"line":124,"column":8},"end":{"line":124,"column":101}},"27":{"start":{"line":124,"column":54},"end":{"line":124,"column":100}},"28":{"start":{"line":127,"column":8},"end":{"line":127,"column":51}},"29":{"start":{"line":128,"column":8},"end":{"line":128,"column":56}},"30":{"start":{"line":130,"column":8},"end":{"line":130,"column":38}},"31":{"start":{"line":132,"column":8},"end":{"line":132,"column":45}},"32":{"start":{"line":139,"column":8},"end":{"line":139,"column":60}},"33":{"start":{"line":139,"column":26},"end":{"line":139,"column":59}},"34":{"start":{"line":143,"column":8},"end":{"line":143,"column":86}},"35":{"start":{"line":150,"column":8},"end":{"line":150,"column":47}},"36":{"start":{"line":151,"column":8},"end":{"line":151,"column":55}},"37":{"start":{"line":151,"column":26},"end":{"line":151,"column":54}},"38":{"start":{"line":153,"column":8},"end":{"line":153,"column":68}},"39":{"start":{"line":154,"column":8},"end":{"line":154,"column":47}},"40":{"start":{"line":154,"column":22},"end":{"line":154,"column":46}},"41":{"start":{"line":156,"column":8},"end":{"line":156,"column":44}},"42":{"start":{"line":166,"column":8},"end":{"line":166,"column":6948}},"43":{"start":{"line":177,"column":8},"end":{"line":177,"column":32}},"44":{"start":{"line":187,"column":8},"end":{"line":187,"column":50}}},"branchMap":{"1":{"line":48,"type":"if","locations":[{"start":{"line":48,"column":8},"end":{"line":48,"column":8}},{"start":{"line":48,"column":8},"end":{"line":48,"column":8}}]},"2":{"line":53,"type":"if","locations":[{"start":{"line":53,"column":42},"end":{"line":53,"column":42}},{"start":{"line":53,"column":42},"end":{"line":53,"column":42}}]},"3":{"line":54,"type":"if","locations":[{"start":{"line":54,"column":8},"end":{"line":54,"column":8}},{"start":{"line":54,"column":8},"end":{"line":54,"column":8}}]},"4":{"line":55,"type":"if","locations":[{"start":{"line":55,"column":8},"end":{"line":55,"column":8}},{"start":{"line":55,"column":8},"end":{"line":55,"column":8}}]},"5":{"line":70,"type":"if","locations":[{"start":{"line":70,"column":8},"end":{"line":70,"column":8}},{"start":{"line":70,"column":8},"end":{"line":70,"column":8}}]},"6":{"line":85,"type":"if","locations":[{"start":{"line":85,"column":41},"end":{"line":85,"column":41}},{"start":{"line":85,"column":41},"end":{"line":85,"column":41}}]},"7":{"line":86,"type":"if","locations":[{"start":{"line":86,"column":8},"end":{"line":86,"column":8}},{"start":{"line":86,"column":8},"end":{"line":86,"column":8}}]},"8":{"line":87,"type":"if","locations":[{"start":{"line":87,"column":8},"end":{"line":87,"column":8}},{"start":{"line":87,"column":8},"end":{"line":87,"column":8}}]},"9":{"line":88,"type":"if","locations":[{"start":{"line":88,"column":8},"end":{"line":88,"column":8}},{"start":{"line":88,"column":8},"end":{"line":88,"column":8}}]},"10":{"line":89,"type":"if","locations":[{"start":{"line":89,"column":8},"end":{"line":89,"column":8}},{"start":{"line":89,"column":8},"end":{"line":89,"column":8}}]},"11":{"line":93,"type":"if","locations":[{"start":{"line":93,"column":8},"end":{"line":93,"column":8}},{"start":{"line":93,"column":8},"end":{"line":93,"column":8}}]},"12":{"line":101,"type":"if","locations":[{"start":{"line":101,"column":45},"end":{"line":101,"column":45}},{"start":{"line":101,"column":45},"end":{"line":101,"column":45}}]},"13":{"line":101,"type":"if","locations":[{"start":{"line":101,"column":60},"end":{"line":101,"column":60}},{"start":{"line":101,"column":60},"end":{"line":101,"column":60}}]},"14":{"line":102,"type":"if","locations":[{"start":{"line":102,"column":4},"end":{"line":102,"column":4}},{"start":{"line":102,"column":4},"end":{"line":102,"column":4}}]},"15":{"line":103,"type":"if","locations":[{"start":{"line":103,"column":4},"end":{"line":103,"column":4}},{"start":{"line":103,"column":4},"end":{"line":103,"column":4}}]},"16":{"line":110,"type":"if","locations":[{"start":{"line":110,"column":4},"end":{"line":110,"column":4}},{"start":{"line":110,"column":4},"end":{"line":110,"column":4}}]},"17":{"line":121,"type":"if","locations":[{"start":{"line":121,"column":46},"end":{"line":121,"column":46}},{"start":{"line":121,"column":46},"end":{"line":121,"column":46}}]},"18":{"line":122,"type":"if","locations":[{"start":{"line":122,"column":8},"end":{"line":122,"column":8}},{"start":{"line":122,"column":8},"end":{"line":122,"column":8}}]},"19":{"line":123,"type":"if","locations":[{"start":{"line":123,"column":8},"end":{"line":123,"column":8}},{"start":{"line":123,"column":8},"end":{"line":123,"column":8}}]},"20":{"line":124,"type":"if","locations":[{"start":{"line":124,"column":8},"end":{"line":124,"column":8}},{"start":{"line":124,"column":8},"end":{"line":124,"column":8}}]},"21":{"line":138,"type":"if","locations":[{"start":{"line":138,"column":40},"end":{"line":138,"column":40}},{"start":{"line":138,"column":40},"end":{"line":138,"column":40}}]},"22":{"line":139,"type":"if","locations":[{"start":{"line":139,"column":8},"end":{"line":139,"column":8}},{"start":{"line":139,"column":8},"end":{"line":139,"column":8}}]},"23":{"line":149,"type":"if","locations":[{"start":{"line":149,"column":37},"end":{"line":149,"column":37}},{"start":{"line":149,"column":37},"end":{"line":149,"column":37}}]},"24":{"line":151,"type":"if","locations":[{"start":{"line":151,"column":8},"end":{"line":151,"column":8}},{"start":{"line":151,"column":8},"end":{"line":151,"column":8}}]},"25":{"line":154,"type":"if","locations":[{"start":{"line":154,"column":8},"end":{"line":154,"column":8}},{"start":{"line":154,"column":8},"end":{"line":154,"column":8}}]}}}}