TN:
SF:/home/digislinger/DevArea/PrivateDev/Drago-Scroller-React/drago-contract/contracts/DragoGame.sol
FN:44,constructor
FN:47,onlyRegistered
FN:53,startGame
FN:85,joinGame
FN:101,submitScore
FN:121,endEventAndClaimPrize
FN:138,adminCloseEvent
FN:149,withdrawFees
FN:159,getCurrentEventDetails
FN:176,getRegisteredPlayers
FN:186,
FNF:11
FNH:11
FNDA:32,constructor
FNDA:27,onlyRegistered
FNDA:30,startGame
FNDA:26,joinGame
FNDA:26,submitScore
FNDA:7,endEventAndClaimPrize
FNDA:3,adminCloseEvent
FNDA:2,withdrawFees
FNDA:5,getCurrentEventDetails
FNDA:2,getRegisteredPlayers
FNDA:1,
DA:48,27
DA:49,26
DA:54,30
DA:55,29
DA:57,28
DA:60,28
DA:62,28
DA:65,28
DA:66,28
DA:67,28
DA:68,28
DA:69,28
DA:70,28
DA:71,28
DA:77,28
DA:78,28
DA:80,28
DA:81,28
DA:86,26
DA:87,25
DA:88,24
DA:89,23
DA:91,21
DA:92,21
DA:93,21
DA:94,12
DA:97,21
DA:102,26
DA:103,26
DA:105,23
DA:107,23
DA:108,23
DA:110,23
DA:111,21
DA:112,21
DA:113,21
DA:116,23
DA:118,23
DA:122,7
DA:123,7
DA:124,6
DA:126,4
DA:127,4
DA:128,4
DA:130,4
DA:132,4
DA:134,4
DA:135,4
DA:139,3
DA:141,2
DA:143,2
DA:145,2
DA:146,2
DA:150,2
DA:151,2
DA:153,1
DA:154,1
DA:156,1
DA:166,5
DA:177,2
DA:182,1
DA:187,1
LF:62
LH:62
BRDA:48,1,0,1
BRDA:48,1,1,26
BRDA:53,2,0,30
BRDA:53,2,1,0
BRDA:54,3,0,29
BRDA:54,3,1,1
BRDA:55,4,0,1
BRDA:55,4,1,28
BRDA:70,5,0,28
BRDA:70,5,1,0
BRDA:85,6,0,26
BRDA:85,6,1,0
BRDA:86,7,0,1
BRDA:86,7,1,25
BRDA:87,8,0,1
BRDA:87,8,1,24
BRDA:88,9,0,1
BRDA:88,9,1,23
BRDA:89,10,0,2
BRDA:89,10,1,21
BRDA:93,11,0,12
BRDA:93,11,1,9
BRDA:101,12,0,26
BRDA:101,12,1,1
BRDA:101,13,0,26
BRDA:101,13,1,0
BRDA:102,14,0,0
BRDA:102,14,1,26
BRDA:103,15,0,3
BRDA:103,15,1,23
BRDA:110,16,0,21
BRDA:110,16,1,2
BRDA:121,17,0,7
BRDA:121,17,1,0
BRDA:122,18,0,0
BRDA:122,18,1,7
BRDA:123,19,0,1
BRDA:123,19,1,6
BRDA:124,20,0,2
BRDA:124,20,1,4
BRDA:138,21,0,3
BRDA:138,21,1,1
BRDA:139,22,0,1
BRDA:139,22,1,2
BRDA:149,23,0,2
BRDA:149,23,1,1
BRDA:151,24,0,1
BRDA:151,24,1,1
BRDA:154,25,0,0
BRDA:154,25,1,1
BRF:50
BRH:42
end_of_record
